{"level":"info","message":"Enibeers is starting","timestamp":"2017-12-05T12:22:32.085Z"}
{"level":"info","message":"Enibeers is starting","timestamp":"2017-12-05T12:22:32.085Z"}
{"level":"info","message":"Application started","timestamp":"2017-12-05T12:22:32.115Z"}
{"level":"info","message":"Application started","timestamp":"2017-12-05T12:22:32.125Z"}
{"level":"info","message":"Enibeers is starting","timestamp":"2017-12-05T12:22:32.081Z"}
{"level":"info","message":"Application started","timestamp":"2017-12-05T12:22:32.119Z"}
{"level":"info","message":"Enibeers is starting","timestamp":"2017-12-05T12:22:32.109Z"}
{"level":"info","message":"Application started","timestamp":"2017-12-05T12:22:32.140Z"}
{"level":"info","message":"Enibeers is starting","timestamp":"2017-12-05T12:22:50.573Z"}
{"level":"info","message":"Application started","timestamp":"2017-12-05T12:22:50.607Z"}
{"level":"info","message":"Enibeers is starting","timestamp":"2017-12-05T12:22:50.577Z"}
{"level":"info","message":"Application started","timestamp":"2017-12-05T12:22:50.608Z"}
{"level":"info","message":"Enibeers is starting","timestamp":"2017-12-05T12:22:50.584Z"}
{"level":"info","message":"Application started","timestamp":"2017-12-05T12:22:50.614Z"}
{"level":"info","message":"Enibeers is starting","timestamp":"2017-12-05T12:22:50.604Z"}
{"level":"info","message":"Application started","timestamp":"2017-12-05T12:22:50.626Z"}
{"level":"info","message":"Enibeers is starting","timestamp":"2017-12-05T12:23:03.062Z"}
{"level":"info","message":"Application started","timestamp":"2017-12-05T12:23:03.096Z"}
{"level":"info","message":"Enibeers is starting","timestamp":"2017-12-05T12:23:03.079Z"}
{"level":"info","message":"Application started","timestamp":"2017-12-05T12:23:03.111Z"}
{"level":"info","message":"Enibeers is starting","timestamp":"2017-12-05T12:23:03.078Z"}
{"level":"info","message":"Enibeers is starting","timestamp":"2017-12-05T12:23:03.087Z"}
{"level":"info","message":"Application started","timestamp":"2017-12-05T12:23:03.117Z"}
{"level":"info","message":"Application started","timestamp":"2017-12-05T12:23:03.119Z"}
{"level":"info","message":"Enibeers is starting","timestamp":"2017-12-05T12:23:21.669Z"}
{"level":"info","message":"Application started","timestamp":"2017-12-05T12:23:21.706Z"}
{"level":"info","message":"Enibeers is starting","timestamp":"2017-12-05T12:23:21.676Z"}
{"level":"info","message":"Application started","timestamp":"2017-12-05T12:23:21.707Z"}
{"level":"info","message":"Enibeers is starting","timestamp":"2017-12-05T12:23:21.682Z"}
{"level":"info","message":"Application started","timestamp":"2017-12-05T12:23:21.711Z"}
{"level":"info","message":"Enibeers is starting","timestamp":"2017-12-05T12:23:21.683Z"}
{"level":"info","message":"Application started","timestamp":"2017-12-05T12:23:21.714Z"}
{"level":"info","message":"Enibeers is starting","timestamp":"2017-12-05T12:23:49.625Z"}
{"level":"info","message":"Application started","timestamp":"2017-12-05T12:23:49.649Z"}
{"level":"info","message":"Enibeers is starting","timestamp":"2017-12-05T12:23:49.631Z"}
{"level":"info","message":"Application started","timestamp":"2017-12-05T12:23:49.662Z"}
{"level":"info","message":"Enibeers is starting","timestamp":"2017-12-05T12:23:49.620Z"}
{"level":"info","message":"Application started","timestamp":"2017-12-05T12:23:49.663Z"}
{"level":"info","message":"Enibeers is starting","timestamp":"2017-12-05T12:23:49.648Z"}
{"level":"info","message":"Application started","timestamp":"2017-12-05T12:23:49.673Z"}
{"level":"info","message":"Enibeers is starting","timestamp":"2017-12-05T12:24:17.902Z"}
{"level":"info","message":"Enibeers is starting","timestamp":"2017-12-05T12:24:17.921Z"}
{"level":"info","message":"Enibeers is starting","timestamp":"2017-12-05T12:24:17.930Z"}
{"level":"info","message":"Enibeers is starting","timestamp":"2017-12-05T12:24:17.947Z"}
{"level":"info","message":"Enibeers is starting","timestamp":"2017-12-05T12:24:28.983Z"}
{"level":"info","message":"Enibeers 1 started","timestamp":"2017-12-05T12:24:29.008Z"}
{"level":"info","message":"Enibeers is starting","timestamp":"2017-12-05T12:24:28.993Z"}
{"level":"info","message":"Enibeers 3 started","timestamp":"2017-12-05T12:24:29.025Z"}
{"level":"info","message":"Enibeers is starting","timestamp":"2017-12-05T12:24:28.993Z"}
{"level":"info","message":"Enibeers 4 started","timestamp":"2017-12-05T12:24:29.026Z"}
{"level":"info","message":"Enibeers is starting","timestamp":"2017-12-05T12:24:28.994Z"}
{"level":"info","message":"Enibeers 2 started","timestamp":"2017-12-05T12:24:29.030Z"}
{"level":"debug","message":"List all beers","timestamp":"2017-12-05T12:24:35.588Z"}
{"level":"info","message":"Enibeers is starting","timestamp":"2017-12-05T12:28:53.982Z"}
{"level":"info","message":"Enibeers 1 started","timestamp":"2017-12-05T12:28:54.011Z"}
{"level":"info","message":"Enibeers is starting","timestamp":"2017-12-05T12:28:53.987Z"}
{"level":"info","message":"Enibeers 3 started","timestamp":"2017-12-05T12:28:54.025Z"}
{"level":"info","message":"Enibeers is starting","timestamp":"2017-12-05T12:28:54.002Z"}
{"level":"info","message":"Enibeers 2 started","timestamp":"2017-12-05T12:28:54.047Z"}
{"level":"info","message":"Enibeers is starting","timestamp":"2017-12-05T12:28:53.984Z"}
{"level":"info","message":"Enibeers 4 started","timestamp":"2017-12-05T12:28:54.057Z"}
{"level":"debug","message":"List all beers","timestamp":"2017-12-05T12:28:56.205Z"}
{"level":"debug","message":"List all beers","timestamp":"2017-12-05T12:28:57.237Z"}
{"level":"debug","message":"List all beers","timestamp":"2017-12-05T12:28:57.937Z"}
{"level":"debug","message":"List all beers","timestamp":"2017-12-05T12:28:58.477Z"}
{"level":"debug","message":"List all beers","timestamp":"2017-12-05T12:28:58.929Z"}
{"level":"info","message":"Enibeers is starting","timestamp":"2017-12-05T12:34:11.249Z"}
{"level":"info","message":"Enibeers 1 started","timestamp":"2017-12-05T12:34:11.281Z"}
{"level":"info","message":"Enibeers is starting","timestamp":"2017-12-05T12:34:11.261Z"}
{"level":"info","message":"Enibeers 3 started","timestamp":"2017-12-05T12:34:11.304Z"}
{"level":"info","message":"Enibeers is starting","timestamp":"2017-12-05T12:34:11.276Z"}
{"level":"info","message":"Enibeers 4 started","timestamp":"2017-12-05T12:34:11.306Z"}
{"level":"info","message":"Enibeers is starting","timestamp":"2017-12-05T12:34:11.282Z"}
{"level":"info","message":"Enibeers 2 started","timestamp":"2017-12-05T12:34:11.313Z"}
{"name":"leffe","alcohol":5,"description":"An awesome beer","level":"debug","message":"Beer creation","timestamp":"2017-12-05T12:34:49.059Z"}
{"name":"leffe","alcohol":5,"description":"An awesome beer","level":"debug","message":"Beer creation","timestamp":"2017-12-05T12:34:49.890Z"}
{"name":"leffe","alcohol":5,"description":"An awesome beer","level":"debug","message":"Beer creation","timestamp":"2017-12-05T12:34:50.520Z"}
